Build started 21.10.2012 4:08:41.
     1>Project "C:\Users\Михаил\Documents\Visual Studio 2010\Projects\task2\task2\task2.vcxproj" on node 2 (build target(s)).
     1>InitializeBuildStatus:
         Creating "Debug\task2.unsuccessfulbuild" because "AlwaysCreate" was specified.
       ClCompile:
         C:\Program Files\Microsoft Visual Studio 10.0\VC\bin\CL.exe /c /ZI /nologo /W3 /WX- /Od /Oy- /D WIN32 /D _DEBUG /D _CONSOLE /D _UNICODE /D UNICODE /Gm /EHsc /RTC1 /MDd /GS /fp:precise /Zc:wchar_t /Zc:forScope /Fo"Debug\\" /Fd"Debug\vc100.pdb" /Gd /TP /analyze- /errorReport:prompt variant15.cpp
         variant15.cpp
       ManifestResourceCompile:
         All outputs are up-to-date.
       Link:
         C:\Program Files\Microsoft Visual Studio 10.0\VC\bin\link.exe /ERRORREPORT:PROMPT /OUT:"C:\Users\Михаил\Documents\Visual Studio 2010\Projects\task2\Debug\task2.exe" /INCREMENTAL /NOLOGO kernel32.lib user32.lib gdi32.lib winspool.lib comdlg32.lib advapi32.lib shell32.lib ole32.lib oleaut32.lib uuid.lib odbc32.lib odbccp32.lib /MANIFEST /ManifestFile:"Debug\task2.exe.intermediate.manifest" /MANIFESTUAC:"level='asInvoker' uiAccess='false'" /DEBUG /PDB:"C:\Users\Михаил\Documents\Visual Studio 2010\Projects\task2\Debug\task2.pdb" /SUBSYSTEM:CONSOLE /TLBID:1 /DYNAMICBASE /NXCOMPAT /IMPLIB:"C:\Users\Михаил\Documents\Visual Studio 2010\Projects\task2\Debug\task2.lib" /MACHINE:X86 Debug\task2.exe.embed.manifest.res
         Debug\task2.obj
         Debug\variant10.obj
         Debug\variant11.obj
         Debug\variant12.obj
         Debug\variant13.obj
         Debug\variant14.obj
         Debug\variant15.obj
         Debug\variant9.obj
       Manifest:
         C:\Program Files\Microsoft SDKs\Windows\v7.0A\bin\mt.exe /nologo /verbose /out:"Debug\task2.exe.embed.manifest" /manifest Debug\task2.exe.intermediate.manifest
         All outputs are up-to-date.
       LinkEmbedManifest:
         All outputs are up-to-date.
         task2.vcxproj -> C:\Users\Михаил\Documents\Visual Studio 2010\Projects\task2\Debug\task2.exe
       FinalizeBuildStatus:
         Deleting file "Debug\task2.unsuccessfulbuild".
         Touching "Debug\task2.lastbuildstate".
     1>Done Building Project "C:\Users\Михаил\Documents\Visual Studio 2010\Projects\task2\task2\task2.vcxproj" (build target(s)).

Build succeeded.

Time Elapsed 00:00:02.01
